#
# A fatal error has been detected by the Java Runtime Environment:
#
#  EXCEPTION_ACCESS_VIOLATION (0xc0000005) at pc=0x000000005f1a07d7, pid=17236, tid=0x0000000000003194
#
# JRE version: Java(TM) SE Runtime Environment (8.0_162-b12) (build 1.8.0_162-b12)
# Java VM: Java HotSpot(TM) 64-Bit Server VM (25.162-b12 mixed mode windows-amd64 compressed oops)
# Problematic frame:
# V  [jvm.dll+0x5307d7]
#
# Failed to write core dump. Minidumps are not enabled by default on client versions of Windows
#
# If you would like to submit a bug report, please visit:
#   http://bugreport.java.com/bugreport/crash.jsp
#

---------------  T H R E A D  ---------------

Current thread (0x00000000175c4800):  JavaThread "C2 CompilerThread1" daemon [_thread_in_native, id=12692, stack(0x0000000018d10000,0x0000000018e10000)]

siginfo: ExceptionCode=0xc0000005, reading address 0x0000000000000014

Registers:
RAX=0x0000000000000013, RBX=0x000000001a866b00, RCX=0x0000000000000004, RDX=0x00000000175e0d30
RSP=0x0000000018e0b6b0, RBP=0x0000000000000000, RSI=0x0000000018fa8710, RDI=0x0000000000000000
R8 =0x0000000000000004, R9 =0x0000000000000000, R10=0x0000000000000001, R11=0x000000001b7712c8
R12=0x0000000000000004, R13=0x0000000000000000, R14=0x0000000000000004, R15=0x0000000000000004
RIP=0x000000005f1a07d7, EFLAGS=0x0000000000010202

Top of Stack: (sp=0x0000000018e0b6b0)
0x0000000018e0b6b0:   0000000000000060 00000000175df150
0x0000000018e0b6c0:   000000001b771040 000000005f1a1e2d
0x0000000018e0b6d0:   000000001b771468 000000005f1ac7ae
0x0000000018e0b6e0:   0000000018fa8710 000000001b7712f0
0x0000000018e0b6f0:   000000001b771040 000000005f1a4d15
0x0000000018e0b700:   000000001a0f1590 000000005f1a1c8e
0x0000000018e0b710:   0000000018e0ced0 000000001adb0958
0x0000000018e0b720:   0000000000000060 000000001adb0778
0x0000000018e0b730:   00000000175df580 000000005f1a1e14
0x0000000018e0b740:   000000001b771468 00000000175df580
0x0000000018e0b750:   0000000018fa8710 000000005f0e804f
0x0000000018e0b760:   00000000175df580 000000005f1a4d15
0x0000000018e0b770:   00000000175df510 0000000000000000
0x0000000018e0b780:   0000000000000000 000000001a70de48
0x0000000018e0b790:   00000000175df580 000000005f0c1f33
0x0000000018e0b7a0:   000000001b771018 000000001b7712c8 

Instructions: (pc=0x000000005f1a07d7)
0x000000005f1a07b7:   fe ff ff 48 8b 7c 24 30 48 8b 5c 24 38 48 83 c4
0x000000005f1a07c7:   20 5e c3 cc cc cc cc cc cc 48 83 ec 28 8b 42 10
0x000000005f1a07d7:   39 41 10 74 0a b8 01 00 00 00 48 83 c4 28 c3 48
0x000000005f1a07e7:   8b 01 ff 10 33 c9 84 c0 0f 94 c1 8b c1 48 83 c4 


Register to memory mapping:

RAX=0x0000000000000013 is an unknown value
RBX=0x000000001a866b00 is an unknown value
RCX=0x0000000000000004 is an unknown value
RDX=0x00000000175e0d30 is an unknown value
RSP=0x0000000018e0b6b0 is pointing into the stack for thread: 0x00000000175c4800
RBP=0x0000000000000000 is an unknown value
RSI=0x0000000018fa8710 is an unknown value
RDI=0x0000000000000000 is an unknown value
R8 =0x0000000000000004 is an unknown value
R9 =0x0000000000000000 is an unknown value
R10=0x0000000000000001 is an unknown value
R11=0x000000001b7712c8 is an unknown value
R12=0x0000000000000004 is an unknown value
R13=0x0000000000000000 is an unknown value
R14=0x0000000000000004 is an unknown value
R15=0x0000000000000004 is an unknown value


Stack: [0x0000000018d10000,0x0000000018e10000],  sp=0x0000000018e0b6b0,  free space=1005k
Native frames: (J=compiled Java code, j=interpreted, Vv=VM code, C=native code)


Current CompileTask:
C2:   2039 1822   !   4       com.puppycrawl.tools.checkstyle.grammars.GeneratedJavaLexer::mID_PART (267 bytes)


---------------  P R O C E S S  ---------------

Java Threads: ( => current thread )
  0x000000001761e800 JavaThread "Service Thread" daemon [_thread_blocked, id=16884, stack(0x0000000019310000,0x0000000019410000)]
  0x00000000175cd000 JavaThread "C1 CompilerThread2" daemon [_thread_in_native, id=14624, stack(0x0000000018e10000,0x0000000018f10000)]
=>0x00000000175c4800 JavaThread "C2 CompilerThread1" daemon [_thread_in_native, id=12692, stack(0x0000000018d10000,0x0000000018e10000)]
  0x00000000175c2800 JavaThread "C2 CompilerThread0" daemon [_thread_in_native, id=11960, stack(0x0000000018c10000,0x0000000018d10000)]
  0x00000000175c1000 JavaThread "Attach Listener" daemon [_thread_blocked, id=10768, stack(0x0000000018b10000,0x0000000018c10000)]
  0x00000000175c0000 JavaThread "Signal Dispatcher" daemon [_thread_blocked, id=14000, stack(0x0000000018a10000,0x0000000018b10000)]
  0x00000000175ae800 JavaThread "Finalizer" daemon [_thread_blocked, id=13436, stack(0x0000000018810000,0x0000000018910000)]
  0x0000000002bb7000 JavaThread "Reference Handler" daemon [_thread_blocked, id=11496, stack(0x0000000018710000,0x0000000018810000)]
  0x0000000002ac4000 JavaThread "main" [_thread_in_Java, id=16020, stack(0x0000000002910000,0x0000000002a10000)]

Other Threads:
  0x0000000017587800 VMThread [stack: 0x0000000018610000,0x0000000018710000] [id=8520]
  0x0000000018f4e800 WatcherThread [stack: 0x0000000019410000,0x0000000019510000] [id=8172]

VM state:not at safepoint (normal execution)

VM Mutex/Monitor currently owned by a thread: None

Heap:
 PSYoungGen      total 37888K, used 11104K [0x00000000d6980000, 0x00000000db380000, 0x0000000100000000)
  eden space 32768K, 18% used [0x00000000d6980000,0x00000000d6f5f2c8,0x00000000d8980000)
  from space 5120K, 99% used [0x00000000d8e80000,0x00000000d9379028,0x00000000d9380000)
  to   space 5120K, 0% used [0x00000000d8980000,0x00000000d8980000,0x00000000d8e80000)
 ParOldGen       total 86016K, used 5663K [0x0000000083c00000, 0x0000000089000000, 0x00000000d6980000)
  object space 86016K, 6% used [0x0000000083c00000,0x0000000084187d98,0x0000000089000000)
 Metaspace       used 14922K, capacity 15162K, committed 15360K, reserved 1062912K
  class space    used 1618K, capacity 1721K, committed 1792K, reserved 1048576K

Card table byte_map: [0x0000000011f80000,0x0000000012370000] byte_map_base: 0x0000000011b62000

Marking Bits: (ParMarkBitMap*) 0x000000005f490860
 Begin Bits: [0x0000000012a10000, 0x0000000014920000)
 End Bits:   [0x0000000014920000, 0x0000000016830000)

Polling page: 0x0000000000b20000

CodeCache: size=245760Kb used=7356Kb max_used=7356Kb free=238403Kb
 bounds [0x0000000002bc0000, 0x0000000003300000, 0x0000000011bc0000]
 total_blobs=2233 nmethods=1834 adapters=311
 compilation: enabled

Compilation events (10 events):
Event: 2.010 Thread 0x00000000175c2800 nmethod 1818 0x0000000003261350 code [0x0000000003261480, 0x00000000032614f8]
Event: 2.011 Thread 0x00000000175c4800 1819       4       java.lang.reflect.Constructor::newInstance (87 bytes)
Event: 2.011 Thread 0x00000000175c2800 1821   !   4       java.lang.Class::newInstance (155 bytes)
Event: 2.012 Thread 0x00000000175c4800 nmethod 1819 0x000000000325a350 code [0x000000000325a4a0, 0x000000000325a608]
Event: 2.013 Thread 0x00000000175c4800 1822   !   4       com.puppycrawl.tools.checkstyle.grammars.GeneratedJavaLexer::mID_PART (267 bytes)
Event: 2.014 Thread 0x00000000175c2800 nmethod 1821 0x000000000325fed0 code [0x0000000003260040, 0x0000000003260278]
Event: 2.014 Thread 0x00000000175c2800 1823       4       java.lang.CharacterDataLatin1::isJavaIdentifierPart (20 bytes)
Event: 2.015 Thread 0x00000000175c2800 nmethod 1823 0x000000000325a0d0 code [0x000000000325a200, 0x000000000325a298]
Event: 2.016 Thread 0x00000000175c2800 1824       4       antlr.ANTLRHashString::charAt (25 bytes)
Event: 2.016 Thread 0x00000000175c2800 nmethod 1824 0x000000000325fa90 code [0x000000000325fbe0, 0x000000000325fcd8]

GC Heap History (4 events):
Event: 1.204 GC heap before
{Heap before GC invocations=1 (full 0):
 PSYoungGen      total 37888K, used 32768K [0x00000000d6980000, 0x00000000d9380000, 0x0000000100000000)
  eden space 32768K, 100% used [0x00000000d6980000,0x00000000d8980000,0x00000000d8980000)
  from space 5120K, 0% used [0x00000000d8e80000,0x00000000d8e80000,0x00000000d9380000)
  to   space 5120K, 0% used [0x00000000d8980000,0x00000000d8980000,0x00000000d8e80000)
 ParOldGen       total 86016K, used 0K [0x0000000083c00000, 0x0000000089000000, 0x00000000d6980000)
  object space 86016K, 0% used [0x0000000083c00000,0x0000000083c00000,0x0000000089000000)
 Metaspace       used 10268K, capacity 10378K, committed 10624K, reserved 1058816K
  class space    used 1093K, capacity 1137K, committed 1152K, reserved 1048576K
Event: 1.210 GC heap after
Heap after GC invocations=1 (full 0):
 PSYoungGen      total 37888K, used 5108K [0x00000000d6980000, 0x00000000d9380000, 0x0000000100000000)
  eden space 32768K, 0% used [0x00000000d6980000,0x00000000d6980000,0x00000000d8980000)
  from space 5120K, 99% used [0x00000000d8980000,0x00000000d8e7d198,0x00000000d8e80000)
  to   space 5120K, 0% used [0x00000000d8e80000,0x00000000d8e80000,0x00000000d9380000)
 ParOldGen       total 86016K, used 674K [0x0000000083c00000, 0x0000000089000000, 0x00000000d6980000)
  object space 86016K, 0% used [0x0000000083c00000,0x0000000083ca89c0,0x0000000089000000)
 Metaspace       used 10268K, capacity 10378K, committed 10624K, reserved 1058816K
  class space    used 1093K, capacity 1137K, committed 1152K, reserved 1048576K
}
Event: 1.822 GC heap before
{Heap before GC invocations=2 (full 0):
 PSYoungGen      total 37888K, used 37876K [0x00000000d6980000, 0x00000000d9380000, 0x0000000100000000)
  eden space 32768K, 100% used [0x00000000d6980000,0x00000000d8980000,0x00000000d8980000)
  from space 5120K, 99% used [0x00000000d8980000,0x00000000d8e7d198,0x00000000d8e80000)
  to   space 5120K, 0% used [0x00000000d8e80000,0x00000000d8e80000,0x00000000d9380000)
 ParOldGen       total 86016K, used 674K [0x0000000083c00000, 0x0000000089000000, 0x00000000d6980000)
  object space 86016K, 0% used [0x0000000083c00000,0x0000000083ca89c0,0x0000000089000000)
 Metaspace       used 13062K, capacity 13202K, committed 13568K, reserved 1060864K
  class space    used 1422K, capacity 1469K, committed 1536K, reserved 1048576K
Event: 1.833 GC heap after
Heap after GC invocations=2 (full 0):
 PSYoungGen      total 37888K, used 5092K [0x00000000d6980000, 0x00000000db380000, 0x0000000100000000)
  eden space 32768K, 0% used [0x00000000d6980000,0x00000000d6980000,0x00000000d8980000)
  from space 5120K, 99% used [0x00000000d8e80000,0x00000000d9379028,0x00000000d9380000)
  to   space 5120K, 0% used [0x00000000d8980000,0x00000000d8980000,0x00000000d8e80000)
 ParOldGen       total 86016K, used 5663K [0x0000000083c00000, 0x0000000089000000, 0x00000000d6980000)
  object space 86016K, 6% used [0x0000000083c00000,0x0000000084187d98,0x0000000089000000)
 Metaspace       used 13062K, capacity 13202K, committed 13568K, reserved 1060864K
  class space    used 1422K, capacity 1469K, committed 1536K, reserved 1048576K
}

Deoptimization events (10 events):
Event: 1.148 Thread 0x0000000002ac4000 Uncommon trap: reason=unstable_if action=reinterpret pc=0x0000000002de74f8 method=java.util.HashMap.getNode(ILjava/lang/Object;)Ljava/util/HashMap$Node; @ 62
Event: 1.533 Thread 0x0000000002ac4000 Uncommon trap: reason=unstable_if action=reinterpret pc=0x000000000302cd50 method=freemarker.core.SimpleCharStream.readChar()C @ 32
Event: 1.706 Thread 0x0000000002ac4000 Uncommon trap: reason=class_check action=maybe_recompile pc=0x000000000313fe80 method=java.io.DataInputStream.readChar()C @ 4
Event: 1.706 Thread 0x0000000002ac4000 Uncommon trap: reason=class_check action=maybe_recompile pc=0x000000000313fe80 method=java.io.DataInputStream.readChar()C @ 4
Event: 1.706 Thread 0x0000000002ac4000 Uncommon trap: reason=class_check action=maybe_recompile pc=0x000000000313fe80 method=java.io.DataInputStream.readChar()C @ 4
Event: 1.706 Thread 0x0000000002ac4000 Uncommon trap: reason=class_check action=maybe_recompile pc=0x000000000313fe80 method=java.io.DataInputStream.readChar()C @ 4
Event: 1.723 Thread 0x0000000002ac4000 Uncommon trap: reason=unstable_if action=reinterpret pc=0x0000000003153874 method=sun.text.normalizer.Trie.getCodePointOffset(I)I @ 9
Event: 1.723 Thread 0x0000000002ac4000 Uncommon trap: reason=unstable_if action=reinterpret pc=0x0000000003155450 method=sun.text.normalizer.Trie.getCodePointOffset(I)I @ 9
Event: 1.783 Thread 0x0000000002ac4000 Uncommon trap: reason=unstable_if action=reinterpret pc=0x0000000003012620 method=java.lang.String.concat(Ljava/lang/String;)Ljava/lang/String; @ 6
Event: 1.795 Thread 0x0000000002ac4000 Uncommon trap: reason=unstable_if action=reinterpret pc=0x00000000031bb0a0 method=com.liferay.portal.kernel.io.unsync.UnsyncBufferedReader.readLine()Ljava/lang/String; @ 42

Classes redefined (0 events):
No events

Internal exceptions (10 events):
Event: 1.765 Thread 0x0000000002ac4000 Exception <a 'java/lang/ClassNotFoundException': com/liferay/portal/tools/service/builder/ModelHintsImplCustomizer> (0x00000000d80f34b0) thrown at [C:\re\workspace\8-2-build-windows-amd64-cygwin\jdk8u162\10278\hotspot\src\share\vm\classfile\systemDictiona
Event: 1.765 Thread 0x0000000002ac4000 Exception <a 'java/lang/ArrayIndexOutOfBoundsException'> (0x00000000d80feed8) thrown at [C:\re\workspace\8-2-build-windows-amd64-cygwin\jdk8u162\10278\hotspot\src\share\vm\runtime\sharedRuntime.cpp, line 605]
Event: 1.765 Thread 0x0000000002ac4000 Exception <a 'java/lang/ArrayIndexOutOfBoundsException'> (0x00000000d81025f8) thrown at [C:\re\workspace\8-2-build-windows-amd64-cygwin\jdk8u162\10278\hotspot\src\share\vm\runtime\sharedRuntime.cpp, line 605]
Event: 1.772 Thread 0x0000000002ac4000 Exception <a 'java/lang/ClassNotFoundException': com/liferay/portal/tools/service/builder/EntityOrderBeanInfo> (0x00000000d81261b0) thrown at [C:\re\workspace\8-2-build-windows-amd64-cygwin\jdk8u162\10278\hotspot\src\share\vm\classfile\systemDictionary.cp
Event: 1.772 Thread 0x0000000002ac4000 Exception <a 'java/lang/ClassNotFoundException': com/liferay/portal/tools/service/builder/EntityOrderCustomizer> (0x00000000d812db88) thrown at [C:\re\workspace\8-2-build-windows-amd64-cygwin\jdk8u162\10278\hotspot\src\share\vm\classfile\systemDictionary.
Event: 1.772 Thread 0x0000000002ac4000 Exception <a 'java/lang/ArrayIndexOutOfBoundsException'> (0x00000000d812f758) thrown at [C:\re\workspace\8-2-build-windows-amd64-cygwin\jdk8u162\10278\hotspot\src\share\vm\runtime\sharedRuntime.cpp, line 605]
Event: 1.772 Thread 0x0000000002ac4000 Exception <a 'java/lang/ArrayIndexOutOfBoundsException'> (0x00000000d81338f8) thrown at [C:\re\workspace\8-2-build-windows-amd64-cygwin\jdk8u162\10278\hotspot\src\share\vm\runtime\sharedRuntime.cpp, line 605]
Event: 1.772 Thread 0x0000000002ac4000 Exception <a 'java/lang/ArrayIndexOutOfBoundsException'> (0x00000000d8135970) thrown at [C:\re\workspace\8-2-build-windows-amd64-cygwin\jdk8u162\10278\hotspot\src\share\vm\runtime\sharedRuntime.cpp, line 605]
Event: 1.931 Thread 0x0000000002ac4000 Exception <a 'java/lang/NoSuchFieldError': method resolution failed> (0x00000000d6c253b8) thrown at [C:\re\workspace\8-2-build-windows-amd64-cygwin\jdk8u162\10278\hotspot\src\share\vm\prims\methodHandles.cpp, line 1167]
Event: 1.933 Thread 0x0000000002ac4000 Exception <a 'java/lang/NoSuchFieldError': method resolution failed> (0x00000000d6c32a78) thrown at [C:\re\workspace\8-2-build-windows-amd64-cygwin\jdk8u162\10278\hotspot\src\share\vm\prims\methodHandles.cpp, line 1167]

Events (10 events):
Event: 1.963 loading class java/util/stream/Sink$OfInt
Event: 1.963 loading class java/util/function/IntConsumer
Event: 1.963 loading class java/util/function/IntConsumer done
Event: 1.963 loading class java/util/stream/Sink$OfInt done
Event: 1.963 loading class java/util/stream/Node$Builder$OfInt done
Event: 1.963 loading class java/util/stream/Nodes$IntArrayNode
Event: 1.963 loading class java/util/stream/Nodes$IntArrayNode done
Event: 1.963 loading class java/util/stream/Nodes$IntFixedNodeBuilder done
Event: 1.963 loading class java/util/stream/ReferencePipeline$4$1
Event: 1.963 loading class java/util/stream/ReferencePipeline$4$1 done


Dynamic libraries:
0x00007ff771d40000 - 0x00007ff771d77000 	C:\Program Files\Java\jdk1.8.0_162\bin\java.exe
0x00007ff8d3900000 - 0x00007ff8d3af0000 	C:\windows\SYSTEM32\ntdll.dll
0x00007ff8d37d0000 - 0x00007ff8d3882000 	C:\windows\System32\KERNEL32.DLL
0x00007ff8d1330000 - 0x00007ff8d15d3000 	C:\windows\System32\KERNELBASE.dll
0x00007ff8d26d0000 - 0x00007ff8d2773000 	C:\windows\System32\ADVAPI32.dll
0x00007ff8d1980000 - 0x00007ff8d1a1e000 	C:\windows\System32\msvcrt.dll
0x00007ff8d2e10000 - 0x00007ff8d2ea7000 	C:\windows\System32\sechost.dll
0x00007ff8d3230000 - 0x00007ff8d3350000 	C:\windows\System32\RPCRT4.dll
0x00007ff8d2780000 - 0x00007ff8d2914000 	C:\windows\System32\USER32.dll
0x00007ff8d09b0000 - 0x00007ff8d09d1000 	C:\windows\System32\win32u.dll
0x00007ff8d2690000 - 0x00007ff8d26b6000 	C:\windows\System32\GDI32.dll
0x00007ff8d0a10000 - 0x00007ff8d0ba4000 	C:\windows\System32\gdi32full.dll
0x00007ff8d1760000 - 0x00007ff8d17fe000 	C:\windows\System32\msvcp_win.dll
0x00007ff8d1880000 - 0x00007ff8d197a000 	C:\windows\System32\ucrtbase.dll
0x00007ff8b7d80000 - 0x00007ff8b8005000 	C:\windows\WinSxS\amd64_microsoft.windows.common-controls_6595b64144ccf1df_6.0.18362.720_none_e6beb5c51314836b\COMCTL32.dll
0x00007ff8d2ad0000 - 0x00007ff8d2e06000 	C:\windows\System32\combase.dll
0x00007ff8d1800000 - 0x00007ff8d1880000 	C:\windows\System32\bcryptPrimitives.dll
0x00007ff8d2660000 - 0x00007ff8d268e000 	C:\windows\System32\IMM32.DLL
0x000000005f510000 - 0x000000005f5e1000 	C:\Program Files\Java\jdk1.8.0_162\jre\bin\msvcr100.dll
0x000000005ec70000 - 0x000000005f510000 	C:\Program Files\Java\jdk1.8.0_162\jre\bin\server\jvm.dll
0x00007ff8d3220000 - 0x00007ff8d3228000 	C:\windows\System32\PSAPI.DLL
0x00007ff8b2620000 - 0x00007ff8b2629000 	C:\windows\SYSTEM32\WSOCK32.dll
0x00007ff8cc380000 - 0x00007ff8cc38a000 	C:\windows\SYSTEM32\VERSION.dll
0x00007ff8cdfe0000 - 0x00007ff8ce004000 	C:\windows\SYSTEM32\WINMM.dll
0x00007ff8d2eb0000 - 0x00007ff8d2f1f000 	C:\windows\System32\WS2_32.dll
0x00007ff8cdfb0000 - 0x00007ff8cdfdd000 	C:\windows\SYSTEM32\winmmbase.dll
0x00007ff8d16b0000 - 0x00007ff8d16fa000 	C:\windows\System32\cfgmgr32.dll
0x000000005ec60000 - 0x000000005ec6f000 	C:\Program Files\Java\jdk1.8.0_162\jre\bin\verify.dll
0x000000005ec30000 - 0x000000005ec59000 	C:\Program Files\Java\jdk1.8.0_162\jre\bin\java.dll
0x000000005ec10000 - 0x000000005ec26000 	C:\Program Files\Java\jdk1.8.0_162\jre\bin\zip.dll
0x00007ff8d1a20000 - 0x00007ff8d2105000 	C:\windows\System32\SHELL32.dll
0x00007ff8d3720000 - 0x00007ff8d37c9000 	C:\windows\System32\shcore.dll
0x00007ff8d0bb0000 - 0x00007ff8d1330000 	C:\windows\System32\windows.storage.dll
0x00007ff8d07e0000 - 0x00007ff8d0803000 	C:\windows\System32\profapi.dll
0x00007ff8d0810000 - 0x00007ff8d085a000 	C:\windows\System32\powrprof.dll
0x00007ff8d0790000 - 0x00007ff8d07a0000 	C:\windows\System32\UMPDC.dll
0x00007ff8d36c0000 - 0x00007ff8d3712000 	C:\windows\System32\shlwapi.dll
0x00007ff8d07a0000 - 0x00007ff8d07b1000 	C:\windows\System32\kernel.appcore.dll
0x00007ff8d15e0000 - 0x00007ff8d15f7000 	C:\windows\System32\cryptsp.dll
0x000000005ebf0000 - 0x000000005ec0a000 	C:\Program Files\Java\jdk1.8.0_162\jre\bin\net.dll
0x00007ff8d0000000 - 0x00007ff8d0067000 	C:\windows\system32\mswsock.dll
0x000000005ebd0000 - 0x000000005ebe1000 	C:\Program Files\Java\jdk1.8.0_162\jre\bin\nio.dll
0x00007ff8cf160000 - 0x00007ff8cf354000 	C:\windows\SYSTEM32\dbghelp.dll

VM Arguments:
jvm_args: -Dfile.encoding=UTF-8 -Duser.country=ID -Duser.language=en -Duser.variant 
java_command: com.liferay.portal.tools.service.builder.ServiceBuilder service.api.dir=../survey-api/src/main/java service.auto.import.default.references=true service.auto.namespace.tables=true service.bean.locator.util=com.liferay.util.bean.PortletBeanLocatorUtil service.build.number.increment=true service.build.number=1 service.database.name.max.length=30 service.hbm.file=src/main/resources/META-INF/module-hbm.xml service.impl.dir=src/main/java service.input.file=service.xml service.model.hints.configs=classpath*:META-INF/portal-model-hints.xml,META-INF/portal-model-hints.xml,classpath*:META-INF/ext-model-hints.xml,classpath*:META-INF/portlet-model-hints.xml,src/main/resources/META-INF/portlet-model-hints.xml service.model.hints.file=src/main/resources/META-INF/portlet-model-hints.xml service.osgi.module=true service.plugin.name= service.props.util=operation.service.util.ServiceProps service.read.only.prefixes=search,load,reindex,fetch,get,is,has,dynamicQuery service.resource.actions.configs=META-INF/resource-actions/default.xml,resource-actions/default.xml service.resources.dir=src/main/resources service.spring.file=src/main/resources/META-INF/spring/module-spring.xml service.spring.namespaces=beans service.sql.dir=src/main/resources/META-INF/sql service.sql.file=tables.sql service.sql.indexes.file=indexes.sql service.sql.sequences.file=sequences.sql service.target.entity.name=${service.target.entity.name}
java_class_path (initial): C:\Users\Ario Bimo\.gradle\caches\modules-2\files-2.1\com.liferay\com.liferay.portal.tools.service.builder\1.0.298\ca749cbcedee842df864060419b63eb87d0bfef1\com.liferay.portal.tools.service.builder-1.0.298.jar;C:\Users\Ario Bimo\.gradle\caches\modules-2\files-2.1\com.puppycrawl.tools\checkstyle\8.11\a5814e3687c669221b5ffe984299fdeb9fa1714e\checkstyle-8.11.jar;C:\Users\Ario Bimo\.gradle\caches\modules-2\files-2.1\com.thoughtworks.qdox\qdox\2.0-M5\af8aa9eecb7576ef74baf19c0bdaf62ff13feb91\qdox-2.0-M5.jar;C:\Users\Ario Bimo\.gradle\caches\modules-2\files-2.1\commons-io\commons-io\2.5\2852e6e05fbb95076fc091f6d1780f1f8fe35e0f\commons-io-2.5.jar;C:\Users\Ario Bimo\.gradle\caches\modules-2\files-2.1\dom4j\dom4j\1.6.1\5d3ccc056b6f056dbf0dddfdf43894b9065a8f94\dom4j-1.6.1.jar;C:\Users\Ario Bimo\.gradle\caches\modules-2\files-2.1\jalopy\jalopy\1.5rc3\a6b23c9c7d3852ee494046d9680aa86bcccf8ece\jalopy-1.5rc3.jar;C:\Users\Ario Bimo\.gradle\caches\modules-2\files-2.1\jaxen\jaxen\1.1.1\9f5d3c5974dbe5cf69c2c2ec7d8a4eb6e0fce7f9\jaxen-1.1.1.jar;C:\Users\Ario Bimo\.gradle\caches\modules-2\files-2.1\log4j\log4j\1.2.17\5af35056b4d257e4b64b9e8069c0746e8b08629f\log4j-1.2.17.jar;C:\Users\Ario Bimo\.gradle\caches\modules-2\files-2.1\org.freemarker\freemarker\2.3.23\cd143cd8c02a9f838e3cb75a6dfe133750437f6d\freemarker-2.3.23.jar;C:\Users\Ario Bimo\.gradle\caches\modules-2\files-2.1\antlr\antlr\2.7.7\83cd2cd674a217ade95a4bb83a8a14f351f48bd0\antlr-2.7.7.jar;C:\Users\Ario Bimo\.gradle\caches\modules-2\files-2.1\org.antlr\antlr4-runtime\4.7.1\946f8aa9daa917dd81a8b818111bec7e288f821a\antlr4-runtime-4.7.1.jar;C:\Users\Ario Bimo\.gradle\caches\modules-2\files-2.1\commons-beanutils\commons-beanutils\1.9.3\c845703de334ddc6b4b3cd26835458cb1cba1f3d\commons-beanutils-1.9.3.jar;C:\Users\Ario Bimo\.gradle\caches\modules-2\files-2.1\commons-cli\commons-cli\1.4\c51c00206bb913cd8612b24abd9fa98ae89719b1\commons-cli-1.4.jar;C:\Users\Ario Bimo\.gradle\caches\modules-2\files-2.1\com.google
Launcher Type: SUN_STANDARD

Environment Variables:
JAVA_HOME=C:\Program Files\Java\jdk-11
PATH=C:\ProgramData\Oracle\Java\javapath;C:\Program Files (x86)\Common Files\Oracle\Java\javapath;C:\Program Files\Microsoft MPI\Bin\;C:\Program Files\Java\jdk-11\bin;C:\Program Files\Java\jdk1.8.0_162\bin;C:\windows\system32;C:\windows;C:\windows\System32\Wbem;C:\windows\System32\WindowsPowerShell\v1.0\;C:\windows\System32\OpenSSH\;C:\Program Files\Microsoft SQL Server\110\Tools\Binn\;C:\Program Files (x86)\Windows Kits\8.1\Windows Performance Toolkit\;C:\Program Files (x86)\Microsoft SDKs\TypeScript\1.0\;C:\Program Files\Microsoft SQL Server\120\Tools\Binn\;C:\Users\Ario Bimo\.jpm\windows\bin;C:\Program Files\nodejs\;C:\Program Files (x86)\Microsoft SQL Server\140\Tools\Binn\;C:\Program Files\Microsoft SQL Server\140\Tools\Binn\;C:\Program Files (x86)\Microsoft SQL Server\140\DTS\Binn\;C:\Program Files\Microsoft SQL Server\140\DTS\Binn\;C:\Program Files\Microsoft SQL Server\Client SDK\ODBC\130\Tools\Binn\;C:\Program Files (x86)\Microsoft SQL Server\150\DTS\Binn\;C:\Program Files\Java\jdk-11\bin;C:\Program Files\Java\jdk1.8.0_162\bin;C:\Users\Ario Bimo\AppData\Local\Microsoft\WindowsApps;C:\Users\Ario Bimo\AppData\Local\GitHubDesktop\bin;C:\Users\Ario Bimo\AppData\Roaming\npm;;C:\Program Files\JetBrains\IntelliJ IDEA Community Edition 2019.3.4\bin;
USERNAME=Ario Bimo
OS=Windows_NT
PROCESSOR_IDENTIFIER=Intel64 Family 6 Model 126 Stepping 5, GenuineIntel



---------------  S Y S T E M  ---------------

OS: Windows 10.0 , 64 bit Build 18362 (10.0.18362.329)

CPU:total 4 (initial active 4) (2 cores per cpu, 2 threads per core) family 6 model 126 stepping 5, cmov, cx8, fxsr, mmx, sse, sse2, sse3, ssse3, sse4.1, sse4.2, popcnt, avx, avx2, aes, clmul, erms, 3dnowpref, lzcnt, ht, tsc, tscinvbit, bmi1, bmi2, adx

Memory: 4k page, physical 8136880k(1348256k free), swap 15933700k(2905948k free)

vm_info: Java HotSpot(TM) 64-Bit Server VM (25.162-b12) for windows-amd64 JRE (1.8.0_162-b12), built on Dec 19 2017 20:00:03 by "java_re" with MS VC++ 10.0 (VS2010)

time: Mon Mar 23 16:33:52 2020
elapsed time: 2 seconds (0d 0h 0m 2s)

